# Logfile created on 2015-07-14 14:22:37 +0500 by logger.rb/31641
I, [2015-07-14T14:23:28.451601 #9692]  INFO -- : 2015-07-14T14:23:28+0500: [Worker(host:devsinc-HP-ProBook-440-G1 pid:9692)] Starting job worker
I, [2015-07-14T14:25:00.056481 #9692]  INFO -- : 2015-07-14T14:25:00+0500: [Worker(host:devsinc-HP-ProBook-440-G1 pid:9692)] Exiting...
I, [2015-07-14T14:25:00.258182 #9692]  INFO -- : 2015-07-14T14:25:00+0500: [Worker(host:devsinc-HP-ProBook-440-G1 pid:9692)] Exiting...
I, [2015-07-14T14:25:00.459375 #9692]  INFO -- : 2015-07-14T14:25:00+0500: [Worker(host:devsinc-HP-ProBook-440-G1 pid:9692)] Exiting...
I, [2015-07-14T14:25:00.630718 #9692]  INFO -- : 2015-07-14T14:25:00+0500: [Worker(host:devsinc-HP-ProBook-440-G1 pid:9692)] Exiting...
I, [2015-07-14T14:25:00.847022 #9692]  INFO -- : 2015-07-14T14:25:00+0500: [Worker(host:devsinc-HP-ProBook-440-G1 pid:9692)] Exiting...
I, [2015-07-14T14:25:43.086007 #9839]  INFO -- : 2015-07-14T14:25:43+0500: [Worker(host:devsinc-HP-ProBook-440-G1 pid:9839)] Starting job worker
I, [2015-07-14T14:25:43.210082 #9839]  INFO -- : 2015-07-14T14:25:43+0500: [Worker(host:devsinc-HP-ProBook-440-G1 pid:9839)] Job ImportProductsJob (id=1) RUNNING
E, [2015-07-14T14:25:43.234816 #9839] ERROR -- : 2015-07-14T14:25:43+0500: [Worker(host:devsinc-HP-ProBook-440-G1 pid:9839)] Job ImportProductsJob (id=1) FAILED (0 prior attempts) with URI::InvalidURIError: bad URI(is not URI?): 
I, [2015-07-14T14:25:43.290299 #9839]  INFO -- : 2015-07-14T14:25:43+0500: [Worker(host:devsinc-HP-ProBook-440-G1 pid:9839)] 1 jobs processed at 4.8995 j/s, 1 failed
I, [2015-07-14T14:25:53.387917 #9839]  INFO -- : 2015-07-14T14:25:53+0500: [Worker(host:devsinc-HP-ProBook-440-G1 pid:9839)] Job ImportProductsJob (id=1) RUNNING
E, [2015-07-14T14:25:53.388890 #9839] ERROR -- : 2015-07-14T14:25:53+0500: [Worker(host:devsinc-HP-ProBook-440-G1 pid:9839)] Job ImportProductsJob (id=1) FAILED (1 prior attempts) with URI::InvalidURIError: bad URI(is not URI?): 
I, [2015-07-14T14:25:53.438320 #9839]  INFO -- : 2015-07-14T14:25:53+0500: [Worker(host:devsinc-HP-ProBook-440-G1 pid:9839)] 1 jobs processed at 8.5598 j/s, 1 failed
I, [2015-07-14T14:26:18.589944 #9839]  INFO -- : 2015-07-14T14:26:18+0500: [Worker(host:devsinc-HP-ProBook-440-G1 pid:9839)] Job ImportProductsJob (id=1) RUNNING
E, [2015-07-14T14:26:18.590334 #9839] ERROR -- : 2015-07-14T14:26:18+0500: [Worker(host:devsinc-HP-ProBook-440-G1 pid:9839)] Job ImportProductsJob (id=1) FAILED (2 prior attempts) with URI::InvalidURIError: bad URI(is not URI?): 
E, [2015-07-14T14:26:18.590442 #9839] ERROR -- : 2015-07-14T14:26:18+0500: [Worker(host:devsinc-HP-ProBook-440-G1 pid:9839)] Job ImportProductsJob (id=1) REMOVED permanently because of 3 consecutive failures
I, [2015-07-14T14:26:18.634916 #9839]  INFO -- : 2015-07-14T14:26:18+0500: [Worker(host:devsinc-HP-ProBook-440-G1 pid:9839)] 1 jobs processed at 8.5148 j/s, 1 failed
I, [2015-07-14T14:26:41.580110 #9839]  INFO -- : 2015-07-14T14:26:41+0500: [Worker(host:devsinc-HP-ProBook-440-G1 pid:9839)] Exiting...
I, [2015-07-14T14:26:48.608903 #9859]  INFO -- : 2015-07-14T14:26:48+0500: [Worker(host:devsinc-HP-ProBook-440-G1 pid:9859)] Starting job worker
I, [2015-07-14T14:27:54.040399 #9859]  INFO -- : 2015-07-14T14:27:54+0500: [Worker(host:devsinc-HP-ProBook-440-G1 pid:9859)] Job ImportProductsJob (id=2) RUNNING
I, [2015-07-14T14:27:58.904080 #9859]  INFO -- : 2015-07-14T14:27:58+0500: [Worker(host:devsinc-HP-ProBook-440-G1 pid:9859)] Job ImportProductsJob (id=2) COMPLETED after 4.8635
I, [2015-07-14T14:27:58.905313 #9859]  INFO -- : 2015-07-14T14:27:58+0500: [Worker(host:devsinc-HP-ProBook-440-G1 pid:9859)] 1 jobs processed at 0.1986 j/s, 0 failed
I, [2015-07-14T16:20:41.497375 #9859]  INFO -- : 2015-07-14T16:20:41+0500: [Worker(host:devsinc-HP-ProBook-440-G1 pid:9859)] Exiting...
I, [2015-07-14T16:20:41.663304 #9859]  INFO -- : 2015-07-14T16:20:41+0500: [Worker(host:devsinc-HP-ProBook-440-G1 pid:9859)] Exiting...
I, [2015-07-14T16:20:41.796213 #9859]  INFO -- : 2015-07-14T16:20:41+0500: [Worker(host:devsinc-HP-ProBook-440-G1 pid:9859)] Exiting...
I, [2015-07-14T16:20:41.926199 #9859]  INFO -- : 2015-07-14T16:20:41+0500: [Worker(host:devsinc-HP-ProBook-440-G1 pid:9859)] Exiting...
I, [2015-07-14T16:20:42.062439 #9859]  INFO -- : 2015-07-14T16:20:42+0500: [Worker(host:devsinc-HP-ProBook-440-G1 pid:9859)] Exiting...
I, [2015-07-14T16:29:01.216703 #11559]  INFO -- : 2015-07-14T16:29:01+0500: [Worker(host:devsinc-HP-ProBook-440-G1 pid:11559)] Starting job worker
I, [2015-07-14T16:32:19.637152 #11559]  INFO -- : 2015-07-14T16:32:19+0500: [Worker(host:devsinc-HP-ProBook-440-G1 pid:11559)] Exiting...
I, [2015-07-14T16:32:19.792788 #11559]  INFO -- : 2015-07-14T16:32:19+0500: [Worker(host:devsinc-HP-ProBook-440-G1 pid:11559)] Exiting...
I, [2015-07-14T16:32:19.937426 #11559]  INFO -- : 2015-07-14T16:32:19+0500: [Worker(host:devsinc-HP-ProBook-440-G1 pid:11559)] Exiting...
I, [2015-07-14T16:32:20.057590 #11559]  INFO -- : 2015-07-14T16:32:20+0500: [Worker(host:devsinc-HP-ProBook-440-G1 pid:11559)] Exiting...
I, [2015-07-14T16:32:20.183726 #11559]  INFO -- : 2015-07-14T16:32:20+0500: [Worker(host:devsinc-HP-ProBook-440-G1 pid:11559)] Exiting...
I, [2015-07-14T16:32:27.071603 #11604]  INFO -- : 2015-07-14T16:32:27+0500: [Worker(host:devsinc-HP-ProBook-440-G1 pid:11604)] Starting job worker
I, [2015-07-14T16:32:57.323532 #11604]  INFO -- : 2015-07-14T16:32:57+0500: [Worker(host:devsinc-HP-ProBook-440-G1 pid:11604)] Job ImportProductsJob (id=3) RUNNING
I, [2015-07-14T16:33:02.885017 #11604]  INFO -- : 2015-07-14T16:33:02+0500: [Worker(host:devsinc-HP-ProBook-440-G1 pid:11604)] Job ImportProductsJob (id=3) COMPLETED after 5.5613
I, [2015-07-14T16:33:02.886365 #11604]  INFO -- : 2015-07-14T16:33:02+0500: [Worker(host:devsinc-HP-ProBook-440-G1 pid:11604)] 1 jobs processed at 0.1760 j/s, 0 failed
I, [2015-07-14T16:46:18.305742 #11604]  INFO -- : 2015-07-14T16:46:18+0500: [Worker(host:devsinc-HP-ProBook-440-G1 pid:11604)] Exiting...
I, [2015-07-14T16:46:18.495610 #11604]  INFO -- : 2015-07-14T16:46:18+0500: [Worker(host:devsinc-HP-ProBook-440-G1 pid:11604)] Exiting...
I, [2015-07-14T16:46:18.657686 #11604]  INFO -- : 2015-07-14T16:46:18+0500: [Worker(host:devsinc-HP-ProBook-440-G1 pid:11604)] Exiting...
I, [2015-07-14T16:46:18.835940 #11604]  INFO -- : 2015-07-14T16:46:18+0500: [Worker(host:devsinc-HP-ProBook-440-G1 pid:11604)] Exiting...
I, [2015-07-14T16:46:18.969240 #11604]  INFO -- : 2015-07-14T16:46:18+0500: [Worker(host:devsinc-HP-ProBook-440-G1 pid:11604)] Exiting...
I, [2015-07-27T14:08:34.465527 #3761]  INFO -- : 2015-07-27T14:08:34+0500: [Worker(host:devsinc-HP-ProBook-440-G1 pid:3761)] Starting job worker
I, [2015-07-27T14:09:05.202785 #3761]  INFO -- : 2015-07-27T14:09:05+0500: [Worker(host:devsinc-HP-ProBook-440-G1 pid:3761)] Job ImportProductsJob (id=1) RUNNING
E, [2015-07-27T14:09:11.765467 #3761] ERROR -- : 2015-07-27T14:09:11+0500: [Worker(host:devsinc-HP-ProBook-440-G1 pid:3761)] Job ImportProductsJob (id=1) FAILED (0 prior attempts) with NoMethodError: The property 'sku' is not defined for Bigcommerce::Product.
I, [2015-07-27T14:09:11.849541 #3761]  INFO -- : 2015-07-27T14:09:11+0500: [Worker(host:devsinc-HP-ProBook-440-G1 pid:3761)] 1 jobs processed at 0.1437 j/s, 1 failed
I, [2015-07-27T14:09:21.957174 #3761]  INFO -- : 2015-07-27T14:09:21+0500: [Worker(host:devsinc-HP-ProBook-440-G1 pid:3761)] Job ImportProductsJob (id=1) RUNNING
E, [2015-07-27T14:09:30.301995 #3761] ERROR -- : 2015-07-27T14:09:30+0500: [Worker(host:devsinc-HP-ProBook-440-G1 pid:3761)] Job ImportProductsJob (id=1) FAILED (1 prior attempts) with NoMethodError: The property 'sku' is not defined for Bigcommerce::Product.
I, [2015-07-27T14:09:30.344472 #3761]  INFO -- : 2015-07-27T14:09:30+0500: [Worker(host:devsinc-HP-ProBook-440-G1 pid:3761)] 1 jobs processed at 0.1184 j/s, 1 failed
I, [2015-07-27T14:09:55.698849 #3761]  INFO -- : 2015-07-27T14:09:55+0500: [Worker(host:devsinc-HP-ProBook-440-G1 pid:3761)] Job ImportProductsJob (id=1) RUNNING
E, [2015-07-27T14:10:03.940176 #3761] ERROR -- : 2015-07-27T14:10:03+0500: [Worker(host:devsinc-HP-ProBook-440-G1 pid:3761)] Job ImportProductsJob (id=1) FAILED (2 prior attempts) with NoMethodError: The property 'sku' is not defined for Bigcommerce::Product.
E, [2015-07-27T14:10:03.940319 #3761] ERROR -- : 2015-07-27T14:10:03+0500: [Worker(host:devsinc-HP-ProBook-440-G1 pid:3761)] Job ImportProductsJob (id=1) REMOVED permanently because of 3 consecutive failures
I, [2015-07-27T14:10:04.009923 #3761]  INFO -- : 2015-07-27T14:10:04+0500: [Worker(host:devsinc-HP-ProBook-440-G1 pid:3761)] 1 jobs processed at 0.1171 j/s, 1 failed
I, [2015-07-27T14:55:35.968069 #3761]  INFO -- : 2015-07-27T14:55:35+0500: [Worker(host:devsinc-HP-ProBook-440-G1 pid:3761)] Job ImportProductsJob (id=2) RUNNING
E, [2015-07-27T14:55:44.400905 #3761] ERROR -- : 2015-07-27T14:55:44+0500: [Worker(host:devsinc-HP-ProBook-440-G1 pid:3761)] Job ImportProductsJob (id=2) FAILED (0 prior attempts) with NoMethodError: The property 'sku' is not defined for Bigcommerce::Product.
I, [2015-07-27T14:55:44.572810 #3761]  INFO -- : 2015-07-27T14:55:44+0500: [Worker(host:devsinc-HP-ProBook-440-G1 pid:3761)] 1 jobs processed at 0.1079 j/s, 1 failed
I, [2015-07-27T14:55:54.772592 #3761]  INFO -- : 2015-07-27T14:55:54+0500: [Worker(host:devsinc-HP-ProBook-440-G1 pid:3761)] Job ImportProductsJob (id=2) RUNNING
E, [2015-07-27T14:56:00.449750 #3761] ERROR -- : 2015-07-27T14:56:00+0500: [Worker(host:devsinc-HP-ProBook-440-G1 pid:3761)] Job ImportProductsJob (id=2) FAILED (1 prior attempts) with NoMethodError: The property 'sku' is not defined for Bigcommerce::Product.
I, [2015-07-27T14:56:00.502655 #3761]  INFO -- : 2015-07-27T14:56:00+0500: [Worker(host:devsinc-HP-ProBook-440-G1 pid:3761)] 1 jobs processed at 0.1700 j/s, 1 failed
I, [2015-07-27T14:56:25.719697 #3761]  INFO -- : 2015-07-27T14:56:25+0500: [Worker(host:devsinc-HP-ProBook-440-G1 pid:3761)] Job ImportProductsJob (id=2) RUNNING
E, [2015-07-27T14:56:30.144340 #3761] ERROR -- : 2015-07-27T14:56:30+0500: [Worker(host:devsinc-HP-ProBook-440-G1 pid:3761)] Job ImportProductsJob (id=2) FAILED (2 prior attempts) with NoMethodError: The property 'sku' is not defined for Bigcommerce::Product.
E, [2015-07-27T14:56:30.144513 #3761] ERROR -- : 2015-07-27T14:56:30+0500: [Worker(host:devsinc-HP-ProBook-440-G1 pid:3761)] Job ImportProductsJob (id=2) REMOVED permanently because of 3 consecutive failures
I, [2015-07-27T14:56:30.231068 #3761]  INFO -- : 2015-07-27T14:56:30+0500: [Worker(host:devsinc-HP-ProBook-440-G1 pid:3761)] 1 jobs processed at 0.2173 j/s, 1 failed
I, [2015-07-27T14:56:31.674622 #3761]  INFO -- : 2015-07-27T14:56:31+0500: [Worker(host:devsinc-HP-ProBook-440-G1 pid:3761)] Exiting...
I, [2015-07-27T14:56:31.812113 #3761]  INFO -- : 2015-07-27T14:56:31+0500: [Worker(host:devsinc-HP-ProBook-440-G1 pid:3761)] Exiting...
I, [2015-07-27T14:56:31.960778 #3761]  INFO -- : 2015-07-27T14:56:31+0500: [Worker(host:devsinc-HP-ProBook-440-G1 pid:3761)] Exiting...
I, [2015-07-27T14:56:32.098707 #3761]  INFO -- : 2015-07-27T14:56:32+0500: [Worker(host:devsinc-HP-ProBook-440-G1 pid:3761)] Exiting...
I, [2015-07-27T14:57:50.303153 #4657]  INFO -- : 2015-07-27T14:57:50+0500: [Worker(host:devsinc-HP-ProBook-440-G1 pid:4657)] Starting job worker
I, [2015-07-27T14:58:26.342160 #4657]  INFO -- : 2015-07-27T14:58:26+0500: [Worker(host:devsinc-HP-ProBook-440-G1 pid:4657)] Job ImportProductsJob (id=3) RUNNING
E, [2015-07-27T14:58:31.474371 #4657] ERROR -- : 2015-07-27T14:58:31+0500: [Worker(host:devsinc-HP-ProBook-440-G1 pid:4657)] Job ImportProductsJob (id=3) FAILED (0 prior attempts) with NoMethodError: The property 'id' is not defined for Bigcommerce::Product.
I, [2015-07-27T14:58:31.575907 #4657]  INFO -- : 2015-07-27T14:58:31+0500: [Worker(host:devsinc-HP-ProBook-440-G1 pid:4657)] 1 jobs processed at 0.1850 j/s, 1 failed
I, [2015-07-27T14:58:41.725987 #4657]  INFO -- : 2015-07-27T14:58:41+0500: [Worker(host:devsinc-HP-ProBook-440-G1 pid:4657)] Job ImportProductsJob (id=3) RUNNING
E, [2015-07-27T14:58:47.780712 #4657] ERROR -- : 2015-07-27T14:58:47+0500: [Worker(host:devsinc-HP-ProBook-440-G1 pid:4657)] Job ImportProductsJob (id=3) FAILED (1 prior attempts) with NoMethodError: The property 'id' is not defined for Bigcommerce::Product.
I, [2015-07-27T14:58:47.858824 #4657]  INFO -- : 2015-07-27T14:58:47+0500: [Worker(host:devsinc-HP-ProBook-440-G1 pid:4657)] 1 jobs processed at 0.1611 j/s, 1 failed
I, [2015-07-27T14:59:13.054186 #4657]  INFO -- : 2015-07-27T14:59:13+0500: [Worker(host:devsinc-HP-ProBook-440-G1 pid:4657)] Job ImportProductsJob (id=3) RUNNING
E, [2015-07-27T14:59:18.606918 #4657] ERROR -- : 2015-07-27T14:59:18+0500: [Worker(host:devsinc-HP-ProBook-440-G1 pid:4657)] Job ImportProductsJob (id=3) FAILED (2 prior attempts) with NoMethodError: The property 'id' is not defined for Bigcommerce::Product.
E, [2015-07-27T14:59:18.607059 #4657] ERROR -- : 2015-07-27T14:59:18+0500: [Worker(host:devsinc-HP-ProBook-440-G1 pid:4657)] Job ImportProductsJob (id=3) REMOVED permanently because of 3 consecutive failures
I, [2015-07-27T14:59:18.688259 #4657]  INFO -- : 2015-07-27T14:59:18+0500: [Worker(host:devsinc-HP-ProBook-440-G1 pid:4657)] 1 jobs processed at 0.1756 j/s, 1 failed
I, [2015-07-27T14:59:48.684872 #4657]  INFO -- : 2015-07-27T14:59:48+0500: [Worker(host:devsinc-HP-ProBook-440-G1 pid:4657)] Exiting...
I, [2015-07-27T14:59:48.842842 #4657]  INFO -- : 2015-07-27T14:59:48+0500: [Worker(host:devsinc-HP-ProBook-440-G1 pid:4657)] Exiting...
I, [2015-07-27T14:59:55.554649 #4715]  INFO -- : 2015-07-27T14:59:55+0500: [Worker(host:devsinc-HP-ProBook-440-G1 pid:4715)] Starting job worker
I, [2015-07-27T15:00:00.731894 #4715]  INFO -- : 2015-07-27T15:00:00+0500: [Worker(host:devsinc-HP-ProBook-440-G1 pid:4715)] Job ImportProductsJob (id=4) RUNNING
I, [2015-07-27T15:00:05.699113 #4715]  INFO -- : 2015-07-27T15:00:05+0500: [Worker(host:devsinc-HP-ProBook-440-G1 pid:4715)] Job ImportProductsJob (id=4) COMPLETED after 4.9670
I, [2015-07-27T15:00:05.700909 #4715]  INFO -- : 2015-07-27T15:00:05+0500: [Worker(host:devsinc-HP-ProBook-440-G1 pid:4715)] 1 jobs processed at 0.1971 j/s, 0 failed
I, [2015-07-27T15:02:01.143071 #4715]  INFO -- : 2015-07-27T15:02:01+0500: [Worker(host:devsinc-HP-ProBook-440-G1 pid:4715)] Exiting...
I, [2015-07-27T15:02:01.277718 #4715]  INFO -- : 2015-07-27T15:02:01+0500: [Worker(host:devsinc-HP-ProBook-440-G1 pid:4715)] Exiting...
I, [2015-07-27T15:02:13.273702 #4764]  INFO -- : 2015-07-27T15:02:13+0500: [Worker(host:devsinc-HP-ProBook-440-G1 pid:4764)] Starting job worker
I, [2015-07-27T15:02:33.557197 #4764]  INFO -- : 2015-07-27T15:02:33+0500: [Worker(host:devsinc-HP-ProBook-440-G1 pid:4764)] Job ImportProductsJob (id=5) RUNNING
I, [2015-07-27T15:02:38.934912 #4764]  INFO -- : 2015-07-27T15:02:38+0500: [Worker(host:devsinc-HP-ProBook-440-G1 pid:4764)] Job ImportProductsJob (id=5) COMPLETED after 5.3775
I, [2015-07-27T15:02:38.936212 #4764]  INFO -- : 2015-07-27T15:02:38+0500: [Worker(host:devsinc-HP-ProBook-440-G1 pid:4764)] 1 jobs processed at 0.1813 j/s, 0 failed
I, [2015-07-27T15:09:25.797648 #4764]  INFO -- : 2015-07-27T15:09:25+0500: [Worker(host:devsinc-HP-ProBook-440-G1 pid:4764)] Exiting...
I, [2015-07-27T15:09:25.963871 #4764]  INFO -- : 2015-07-27T15:09:25+0500: [Worker(host:devsinc-HP-ProBook-440-G1 pid:4764)] Exiting...
I, [2015-07-27T15:09:26.114214 #4764]  INFO -- : 2015-07-27T15:09:26+0500: [Worker(host:devsinc-HP-ProBook-440-G1 pid:4764)] Exiting...
I, [2015-07-27T15:09:26.224794 #4764]  INFO -- : 2015-07-27T15:09:26+0500: [Worker(host:devsinc-HP-ProBook-440-G1 pid:4764)] Exiting...
I, [2015-07-27T15:09:26.332072 #4764]  INFO -- : 2015-07-27T15:09:26+0500: [Worker(host:devsinc-HP-ProBook-440-G1 pid:4764)] Exiting...
I, [2015-07-27T15:09:55.853274 #4969]  INFO -- : 2015-07-27T15:09:55+0500: [Worker(host:devsinc-HP-ProBook-440-G1 pid:4969)] Starting job worker
I, [2015-07-27T15:10:01.318927 #4969]  INFO -- : 2015-07-27T15:10:01+0500: [Worker(host:devsinc-HP-ProBook-440-G1 pid:4969)] Job ImportProductsJob (id=6) RUNNING
E, [2015-07-27T15:10:05.861756 #4969] ERROR -- : 2015-07-27T15:10:05+0500: [Worker(host:devsinc-HP-ProBook-440-G1 pid:4969)] Job ImportProductsJob (id=6) FAILED (0 prior attempts) with NoMethodError: undefined method `name' for #<String:0x0000000502ccb8>
I, [2015-07-27T15:10:06.013542 #4969]  INFO -- : 2015-07-27T15:10:06+0500: [Worker(host:devsinc-HP-ProBook-440-G1 pid:4969)] 1 jobs processed at 0.2031 j/s, 1 failed
I, [2015-07-27T15:10:11.096986 #4969]  INFO -- : 2015-07-27T15:10:11+0500: [Worker(host:devsinc-HP-ProBook-440-G1 pid:4969)] Job ImportProductsJob (id=6) RUNNING
E, [2015-07-27T15:10:15.472718 #4969] ERROR -- : 2015-07-27T15:10:15+0500: [Worker(host:devsinc-HP-ProBook-440-G1 pid:4969)] Job ImportProductsJob (id=6) FAILED (1 prior attempts) with NoMethodError: undefined method `name' for #<String:0x000000051329c8>
I, [2015-07-27T15:10:15.577616 #4969]  INFO -- : 2015-07-27T15:10:15+0500: [Worker(host:devsinc-HP-ProBook-440-G1 pid:4969)] 1 jobs processed at 0.2201 j/s, 1 failed
I, [2015-07-27T15:10:40.852678 #4969]  INFO -- : 2015-07-27T15:10:40+0500: [Worker(host:devsinc-HP-ProBook-440-G1 pid:4969)] Job ImportProductsJob (id=6) RUNNING
E, [2015-07-27T15:10:45.472646 #4969] ERROR -- : 2015-07-27T15:10:45+0500: [Worker(host:devsinc-HP-ProBook-440-G1 pid:4969)] Job ImportProductsJob (id=6) FAILED (2 prior attempts) with NoMethodError: undefined method `name' for #<String:0x000000052062f0>
E, [2015-07-27T15:10:45.472806 #4969] ERROR -- : 2015-07-27T15:10:45+0500: [Worker(host:devsinc-HP-ProBook-440-G1 pid:4969)] Job ImportProductsJob (id=6) REMOVED permanently because of 3 consecutive failures
I, [2015-07-27T15:10:45.527778 #4969]  INFO -- : 2015-07-27T15:10:45+0500: [Worker(host:devsinc-HP-ProBook-440-G1 pid:4969)] 1 jobs processed at 0.2088 j/s, 1 failed
I, [2015-07-27T15:13:59.589540 #4969]  INFO -- : 2015-07-27T15:13:59+0500: [Worker(host:devsinc-HP-ProBook-440-G1 pid:4969)] Exiting...
I, [2015-07-27T15:13:59.686300 #4969]  INFO -- : 2015-07-27T15:13:59+0500: [Worker(host:devsinc-HP-ProBook-440-G1 pid:4969)] Exiting...
I, [2015-07-27T15:13:59.853065 #4969]  INFO -- : 2015-07-27T15:13:59+0500: [Worker(host:devsinc-HP-ProBook-440-G1 pid:4969)] Exiting...
I, [2015-07-27T15:13:59.993139 #4969]  INFO -- : 2015-07-27T15:13:59+0500: [Worker(host:devsinc-HP-ProBook-440-G1 pid:4969)] Exiting...
I, [2015-07-27T15:14:00.097494 #4969]  INFO -- : 2015-07-27T15:14:00+0500: [Worker(host:devsinc-HP-ProBook-440-G1 pid:4969)] Exiting...
I, [2015-07-27T15:14:00.377858 #4969]  INFO -- : 2015-07-27T15:14:00+0500: [Worker(host:devsinc-HP-ProBook-440-G1 pid:4969)] Exiting...
I, [2015-07-27T15:14:33.121350 #5108]  INFO -- : 2015-07-27T15:14:33+0500: [Worker(host:devsinc-HP-ProBook-440-G1 pid:5108)] Starting job worker
I, [2015-07-27T15:14:38.692640 #5108]  INFO -- : 2015-07-27T15:14:38+0500: [Worker(host:devsinc-HP-ProBook-440-G1 pid:5108)] Job ImportProductsJob (id=7) RUNNING
E, [2015-07-27T15:14:44.792930 #5108] ERROR -- : 2015-07-27T15:14:44+0500: [Worker(host:devsinc-HP-ProBook-440-G1 pid:5108)] Job ImportProductsJob (id=7) FAILED (0 prior attempts) with TypeError: can't convert Bigcommerce::Product into String
I, [2015-07-27T15:14:44.935115 #5108]  INFO -- : 2015-07-27T15:14:44+0500: [Worker(host:devsinc-HP-ProBook-440-G1 pid:5108)] 1 jobs processed at 0.1531 j/s, 1 failed
I, [2015-07-27T15:14:50.087403 #5108]  INFO -- : 2015-07-27T15:14:50+0500: [Worker(host:devsinc-HP-ProBook-440-G1 pid:5108)] Job ImportProductsJob (id=7) RUNNING
E, [2015-07-27T15:14:55.062047 #5108] ERROR -- : 2015-07-27T15:14:55+0500: [Worker(host:devsinc-HP-ProBook-440-G1 pid:5108)] Job ImportProductsJob (id=7) FAILED (1 prior attempts) with TypeError: can't convert Bigcommerce::Product into String
I, [2015-07-27T15:14:55.120158 #5108]  INFO -- : 2015-07-27T15:14:55+0500: [Worker(host:devsinc-HP-ProBook-440-G1 pid:5108)] 1 jobs processed at 0.1956 j/s, 1 failed
I, [2015-07-27T15:15:20.402909 #5108]  INFO -- : 2015-07-27T15:15:20+0500: [Worker(host:devsinc-HP-ProBook-440-G1 pid:5108)] Job ImportProductsJob (id=7) RUNNING
E, [2015-07-27T15:15:25.375209 #5108] ERROR -- : 2015-07-27T15:15:25+0500: [Worker(host:devsinc-HP-ProBook-440-G1 pid:5108)] Job ImportProductsJob (id=7) FAILED (2 prior attempts) with TypeError: can't convert Bigcommerce::Product into String
E, [2015-07-27T15:15:25.375427 #5108] ERROR -- : 2015-07-27T15:15:25+0500: [Worker(host:devsinc-HP-ProBook-440-G1 pid:5108)] Job ImportProductsJob (id=7) REMOVED permanently because of 3 consecutive failures
I, [2015-07-27T15:15:25.505505 #5108]  INFO -- : 2015-07-27T15:15:25+0500: [Worker(host:devsinc-HP-ProBook-440-G1 pid:5108)] 1 jobs processed at 0.1910 j/s, 1 failed
I, [2015-07-27T15:16:17.028232 #5108]  INFO -- : 2015-07-27T15:16:17+0500: [Worker(host:devsinc-HP-ProBook-440-G1 pid:5108)] Exiting...
I, [2015-07-27T15:16:17.220186 #5108]  INFO -- : 2015-07-27T15:16:17+0500: [Worker(host:devsinc-HP-ProBook-440-G1 pid:5108)] Exiting...
I, [2015-07-27T15:16:17.389224 #5108]  INFO -- : 2015-07-27T15:16:17+0500: [Worker(host:devsinc-HP-ProBook-440-G1 pid:5108)] Exiting...
I, [2015-07-27T15:16:28.116363 #5168]  INFO -- : 2015-07-27T15:16:28+0500: [Worker(host:devsinc-HP-ProBook-440-G1 pid:5168)] Starting job worker
I, [2015-07-27T15:16:35.407396 #5168]  INFO -- : 2015-07-27T15:16:35+0500: [Worker(host:devsinc-HP-ProBook-440-G1 pid:5168)] Exiting...
I, [2015-07-27T15:16:35.577654 #5168]  INFO -- : 2015-07-27T15:16:35+0500: [Worker(host:devsinc-HP-ProBook-440-G1 pid:5168)] Exiting...
I, [2015-07-27T15:16:35.722854 #5168]  INFO -- : 2015-07-27T15:16:35+0500: [Worker(host:devsinc-HP-ProBook-440-G1 pid:5168)] Exiting...
I, [2015-07-27T15:16:35.866191 #5168]  INFO -- : 2015-07-27T15:16:35+0500: [Worker(host:devsinc-HP-ProBook-440-G1 pid:5168)] Exiting...
I, [2015-07-27T15:16:45.130025 #5195]  INFO -- : 2015-07-27T15:16:45+0500: [Worker(host:devsinc-HP-ProBook-440-G1 pid:5195)] Starting job worker
I, [2015-07-27T15:16:50.427960 #5195]  INFO -- : 2015-07-27T15:16:50+0500: [Worker(host:devsinc-HP-ProBook-440-G1 pid:5195)] Job ImportProductsJob (id=8) RUNNING
E, [2015-07-27T15:16:55.863449 #5195] ERROR -- : 2015-07-27T15:16:55+0500: [Worker(host:devsinc-HP-ProBook-440-G1 pid:5195)] Job ImportProductsJob (id=8) FAILED (0 prior attempts) with TypeError: can't convert Bigcommerce::Product into String
I, [2015-07-27T15:16:55.997857 #5195]  INFO -- : 2015-07-27T15:16:55+0500: [Worker(host:devsinc-HP-ProBook-440-G1 pid:5195)] 1 jobs processed at 0.1733 j/s, 1 failed
I, [2015-07-27T15:17:01.093250 #5195]  INFO -- : 2015-07-27T15:17:01+0500: [Worker(host:devsinc-HP-ProBook-440-G1 pid:5195)] Job ImportProductsJob (id=8) RUNNING
E, [2015-07-27T15:17:06.897793 #5195] ERROR -- : 2015-07-27T15:17:06+0500: [Worker(host:devsinc-HP-ProBook-440-G1 pid:5195)] Job ImportProductsJob (id=8) FAILED (1 prior attempts) with TypeError: can't convert Bigcommerce::Product into String
I, [2015-07-27T15:17:06.988328 #5195]  INFO -- : 2015-07-27T15:17:06+0500: [Worker(host:devsinc-HP-ProBook-440-G1 pid:5195)] 1 jobs processed at 0.1676 j/s, 1 failed
I, [2015-07-27T15:17:27.231280 #5195]  INFO -- : 2015-07-27T15:17:27+0500: [Worker(host:devsinc-HP-ProBook-440-G1 pid:5195)] Job ImportProductsJob (id=8) RUNNING
E, [2015-07-27T15:17:32.243367 #5195] ERROR -- : 2015-07-27T15:17:32+0500: [Worker(host:devsinc-HP-ProBook-440-G1 pid:5195)] Job ImportProductsJob (id=8) FAILED (2 prior attempts) with TypeError: can't convert Bigcommerce::Product into String
E, [2015-07-27T15:17:32.243524 #5195] ERROR -- : 2015-07-27T15:17:32+0500: [Worker(host:devsinc-HP-ProBook-440-G1 pid:5195)] Job ImportProductsJob (id=8) REMOVED permanently because of 3 consecutive failures
I, [2015-07-27T15:17:32.686365 #5195]  INFO -- : 2015-07-27T15:17:32+0500: [Worker(host:devsinc-HP-ProBook-440-G1 pid:5195)] 1 jobs processed at 0.1795 j/s, 1 failed
I, [2015-07-27T15:19:10.729333 #5195]  INFO -- : 2015-07-27T15:19:10+0500: [Worker(host:devsinc-HP-ProBook-440-G1 pid:5195)] Exiting...
I, [2015-07-27T15:19:10.875634 #5195]  INFO -- : 2015-07-27T15:19:10+0500: [Worker(host:devsinc-HP-ProBook-440-G1 pid:5195)] Exiting...
I, [2015-07-27T15:19:11.025652 #5195]  INFO -- : 2015-07-27T15:19:11+0500: [Worker(host:devsinc-HP-ProBook-440-G1 pid:5195)] Exiting...
I, [2015-07-27T15:19:11.145199 #5195]  INFO -- : 2015-07-27T15:19:11+0500: [Worker(host:devsinc-HP-ProBook-440-G1 pid:5195)] Exiting...
I, [2015-07-27T15:19:34.255567 #5302]  INFO -- : 2015-07-27T15:19:34+0500: [Worker(host:devsinc-HP-ProBook-440-G1 pid:5302)] Starting job worker
I, [2015-07-27T15:19:39.693249 #5302]  INFO -- : 2015-07-27T15:19:39+0500: [Worker(host:devsinc-HP-ProBook-440-G1 pid:5302)] Job ImportProductsJob (id=9) RUNNING
I, [2015-07-27T15:19:44.922612 #5302]  INFO -- : 2015-07-27T15:19:44+0500: [Worker(host:devsinc-HP-ProBook-440-G1 pid:5302)] Job ImportProductsJob (id=9) COMPLETED after 5.2292
I, [2015-07-27T15:19:44.923952 #5302]  INFO -- : 2015-07-27T15:19:44+0500: [Worker(host:devsinc-HP-ProBook-440-G1 pid:5302)] 1 jobs processed at 0.1862 j/s, 0 failed
I, [2015-07-27T15:20:11.028579 #5302]  INFO -- : 2015-07-27T15:20:11+0500: [Worker(host:devsinc-HP-ProBook-440-G1 pid:5302)] Exiting...
I, [2015-07-27T15:20:11.166885 #5302]  INFO -- : 2015-07-27T15:20:11+0500: [Worker(host:devsinc-HP-ProBook-440-G1 pid:5302)] Exiting...
I, [2015-07-27T15:20:11.303248 #5302]  INFO -- : 2015-07-27T15:20:11+0500: [Worker(host:devsinc-HP-ProBook-440-G1 pid:5302)] Exiting...
I, [2015-07-27T15:20:11.429505 #5302]  INFO -- : 2015-07-27T15:20:11+0500: [Worker(host:devsinc-HP-ProBook-440-G1 pid:5302)] Exiting...
I, [2015-07-27T15:20:11.534104 #5302]  INFO -- : 2015-07-27T15:20:11+0500: [Worker(host:devsinc-HP-ProBook-440-G1 pid:5302)] Exiting...
I, [2015-07-27T15:20:21.976783 #5346]  INFO -- : 2015-07-27T15:20:21+0500: [Worker(host:devsinc-HP-ProBook-440-G1 pid:5346)] Starting job worker
I, [2015-07-27T15:20:27.145857 #5346]  INFO -- : 2015-07-27T15:20:27+0500: [Worker(host:devsinc-HP-ProBook-440-G1 pid:5346)] Job ImportProductsJob (id=10) RUNNING
E, [2015-07-27T15:20:32.801273 #5346] ERROR -- : 2015-07-27T15:20:32+0500: [Worker(host:devsinc-HP-ProBook-440-G1 pid:5346)] Job ImportProductsJob (id=10) FAILED (0 prior attempts) with NoMethodError: The property 'name' is not defined for Bigcommerce::Product.
I, [2015-07-27T15:20:32.887815 #5346]  INFO -- : 2015-07-27T15:20:32+0500: [Worker(host:devsinc-HP-ProBook-440-G1 pid:5346)] 1 jobs processed at 0.1712 j/s, 1 failed
I, [2015-07-27T15:20:43.015769 #5346]  INFO -- : 2015-07-27T15:20:43+0500: [Worker(host:devsinc-HP-ProBook-440-G1 pid:5346)] Job ImportProductsJob (id=10) RUNNING
E, [2015-07-27T15:20:47.349048 #5346] ERROR -- : 2015-07-27T15:20:47+0500: [Worker(host:devsinc-HP-ProBook-440-G1 pid:5346)] Job ImportProductsJob (id=10) FAILED (1 prior attempts) with NoMethodError: The property 'name' is not defined for Bigcommerce::Product.
I, [2015-07-27T15:20:47.438123 #5346]  INFO -- : 2015-07-27T15:20:47+0500: [Worker(host:devsinc-HP-ProBook-440-G1 pid:5346)] 1 jobs processed at 0.2224 j/s, 1 failed
I, [2015-07-27T15:20:58.128644 #5346]  INFO -- : 2015-07-27T15:20:58+0500: [Worker(host:devsinc-HP-ProBook-440-G1 pid:5346)] Exiting...
I, [2015-07-27T15:20:58.273090 #5346]  INFO -- : 2015-07-27T15:20:58+0500: [Worker(host:devsinc-HP-ProBook-440-G1 pid:5346)] Exiting...
I, [2015-07-27T15:20:58.405855 #5346]  INFO -- : 2015-07-27T15:20:58+0500: [Worker(host:devsinc-HP-ProBook-440-G1 pid:5346)] Exiting...
I, [2015-07-27T15:20:58.533027 #5346]  INFO -- : 2015-07-27T15:20:58+0500: [Worker(host:devsinc-HP-ProBook-440-G1 pid:5346)] Exiting...
I, [2015-07-27T15:20:58.620881 #5346]  INFO -- : 2015-07-27T15:20:58+0500: [Worker(host:devsinc-HP-ProBook-440-G1 pid:5346)] Exiting...
I, [2015-07-27T15:20:58.782980 #5346]  INFO -- : 2015-07-27T15:20:58+0500: [Worker(host:devsinc-HP-ProBook-440-G1 pid:5346)] Exiting...
I, [2015-07-27T15:21:09.533188 #5380]  INFO -- : 2015-07-27T15:21:09+0500: [Worker(host:devsinc-HP-ProBook-440-G1 pid:5380)] Starting job worker
I, [2015-07-27T15:21:09.678162 #5380]  INFO -- : 2015-07-27T15:21:09+0500: [Worker(host:devsinc-HP-ProBook-440-G1 pid:5380)] Job ImportProductsJob (id=10) RUNNING
I, [2015-07-27T15:21:14.720428 #5380]  INFO -- : 2015-07-27T15:21:14+0500: [Worker(host:devsinc-HP-ProBook-440-G1 pid:5380)] Job ImportProductsJob (id=10) COMPLETED after 5.0421
I, [2015-07-27T15:21:14.721583 #5380]  INFO -- : 2015-07-27T15:21:14+0500: [Worker(host:devsinc-HP-ProBook-440-G1 pid:5380)] 1 jobs processed at 0.1927 j/s, 0 failed
I, [2015-07-27T15:25:20.597212 #5380]  INFO -- : 2015-07-27T15:25:20+0500: [Worker(host:devsinc-HP-ProBook-440-G1 pid:5380)] Exiting...
I, [2015-07-27T15:25:20.752487 #5380]  INFO -- : 2015-07-27T15:25:20+0500: [Worker(host:devsinc-HP-ProBook-440-G1 pid:5380)] Exiting...
I, [2015-07-27T15:25:20.882670 #5380]  INFO -- : 2015-07-27T15:25:20+0500: [Worker(host:devsinc-HP-ProBook-440-G1 pid:5380)] Exiting...
I, [2015-07-27T15:25:21.026687 #5380]  INFO -- : 2015-07-27T15:25:21+0500: [Worker(host:devsinc-HP-ProBook-440-G1 pid:5380)] Exiting...
I, [2015-07-27T15:25:21.142578 #5380]  INFO -- : 2015-07-27T15:25:21+0500: [Worker(host:devsinc-HP-ProBook-440-G1 pid:5380)] Exiting...
I, [2015-07-27T15:25:33.791400 #5427]  INFO -- : 2015-07-27T15:25:33+0500: [Worker(host:devsinc-HP-ProBook-440-G1 pid:5427)] Starting job worker
I, [2015-07-27T15:25:44.011648 #5427]  INFO -- : 2015-07-27T15:25:44+0500: [Worker(host:devsinc-HP-ProBook-440-G1 pid:5427)] Job ImportProductsJob (id=11) RUNNING
I, [2015-07-27T15:25:49.264667 #5427]  INFO -- : 2015-07-27T15:25:49+0500: [Worker(host:devsinc-HP-ProBook-440-G1 pid:5427)] Job ImportProductsJob (id=11) COMPLETED after 5.2528
I, [2015-07-27T15:25:49.265862 #5427]  INFO -- : 2015-07-27T15:25:49+0500: [Worker(host:devsinc-HP-ProBook-440-G1 pid:5427)] 1 jobs processed at 0.1858 j/s, 0 failed
I, [2015-07-27T15:50:33.470292 #5427]  INFO -- : 2015-07-27T15:50:33+0500: [Worker(host:devsinc-HP-ProBook-440-G1 pid:5427)] Job ImportProductsJob (id=12) RUNNING
E, [2015-07-27T15:50:39.626186 #5427] ERROR -- : 2015-07-27T15:50:39+0500: [Worker(host:devsinc-HP-ProBook-440-G1 pid:5427)] Job ImportProductsJob (id=12) FAILED (0 prior attempts) with ArgumentError: Invalid arguments!
I, [2015-07-27T15:50:39.786013 #5427]  INFO -- : 2015-07-27T15:50:39+0500: [Worker(host:devsinc-HP-ProBook-440-G1 pid:5427)] 1 jobs processed at 0.1555 j/s, 1 failed
I, [2015-07-27T15:50:49.944063 #5427]  INFO -- : 2015-07-27T15:50:49+0500: [Worker(host:devsinc-HP-ProBook-440-G1 pid:5427)] Job ImportProductsJob (id=12) RUNNING
E, [2015-07-27T15:50:56.233185 #5427] ERROR -- : 2015-07-27T15:50:56+0500: [Worker(host:devsinc-HP-ProBook-440-G1 pid:5427)] Job ImportProductsJob (id=12) FAILED (1 prior attempts) with ArgumentError: Invalid arguments!
I, [2015-07-27T15:50:56.284152 #5427]  INFO -- : 2015-07-27T15:50:56+0500: [Worker(host:devsinc-HP-ProBook-440-G1 pid:5427)] 1 jobs processed at 0.1559 j/s, 1 failed
I, [2015-07-27T15:51:21.482493 #5427]  INFO -- : 2015-07-27T15:51:21+0500: [Worker(host:devsinc-HP-ProBook-440-G1 pid:5427)] Job ImportProductsJob (id=12) RUNNING
E, [2015-07-27T15:51:25.885307 #5427] ERROR -- : 2015-07-27T15:51:25+0500: [Worker(host:devsinc-HP-ProBook-440-G1 pid:5427)] Job ImportProductsJob (id=12) FAILED (2 prior attempts) with ArgumentError: Invalid arguments!
E, [2015-07-27T15:51:25.885432 #5427] ERROR -- : 2015-07-27T15:51:25+0500: [Worker(host:devsinc-HP-ProBook-440-G1 pid:5427)] Job ImportProductsJob (id=12) REMOVED permanently because of 3 consecutive failures
I, [2015-07-27T15:51:25.955031 #5427]  INFO -- : 2015-07-27T15:51:25+0500: [Worker(host:devsinc-HP-ProBook-440-G1 pid:5427)] 1 jobs processed at 0.2201 j/s, 1 failed
I, [2015-07-27T15:56:33.977893 #5427]  INFO -- : 2015-07-27T15:56:33+0500: [Worker(host:devsinc-HP-ProBook-440-G1 pid:5427)] Exiting...
I, [2015-07-27T15:56:34.133387 #5427]  INFO -- : 2015-07-27T15:56:34+0500: [Worker(host:devsinc-HP-ProBook-440-G1 pid:5427)] Exiting...
I, [2015-07-27T15:56:34.270636 #5427]  INFO -- : 2015-07-27T15:56:34+0500: [Worker(host:devsinc-HP-ProBook-440-G1 pid:5427)] Exiting...
I, [2015-07-27T15:56:34.406498 #5427]  INFO -- : 2015-07-27T15:56:34+0500: [Worker(host:devsinc-HP-ProBook-440-G1 pid:5427)] Exiting...
I, [2015-07-27T15:56:34.513354 #5427]  INFO -- : 2015-07-27T15:56:34+0500: [Worker(host:devsinc-HP-ProBook-440-G1 pid:5427)] Exiting...
I, [2015-07-27T15:56:45.255455 #5773]  INFO -- : 2015-07-27T15:56:45+0500: [Worker(host:devsinc-HP-ProBook-440-G1 pid:5773)] Starting job worker
I, [2015-07-27T15:57:05.642845 #5773]  INFO -- : 2015-07-27T15:57:05+0500: [Worker(host:devsinc-HP-ProBook-440-G1 pid:5773)] Job ImportProductsJob (id=13) RUNNING
I, [2015-07-27T15:57:10.796676 #5773]  INFO -- : 2015-07-27T15:57:10+0500: [Worker(host:devsinc-HP-ProBook-440-G1 pid:5773)] Job ImportProductsJob (id=13) COMPLETED after 5.1536
I, [2015-07-27T15:57:10.797879 #5773]  INFO -- : 2015-07-27T15:57:10+0500: [Worker(host:devsinc-HP-ProBook-440-G1 pid:5773)] 1 jobs processed at 0.1882 j/s, 0 failed
I, [2015-07-27T16:01:59.910991 #5773]  INFO -- : 2015-07-27T16:01:59+0500: [Worker(host:devsinc-HP-ProBook-440-G1 pid:5773)] Exiting...
I, [2015-07-27T16:02:00.055811 #5773]  INFO -- : 2015-07-27T16:02:00+0500: [Worker(host:devsinc-HP-ProBook-440-G1 pid:5773)] Exiting...
I, [2015-07-27T16:02:00.172572 #5773]  INFO -- : 2015-07-27T16:02:00+0500: [Worker(host:devsinc-HP-ProBook-440-G1 pid:5773)] Exiting...
